<?xml version="1.0" encoding="UTF-8"?>
<!-- Generated by org.testng.reporters.JUnitReportReporter -->
<testsuite skipped="0" hostname="DESKTOP-06OUV9F" name="mt.mstr.modules.Launch" tests="2" failures="0" timestamp="17 Nov 2019 10:09:53 GMT" time="52.441" errors="0">
  <testcase name="executeLaunch" time="25.332" classname="mt.mstr.modules.Launch"/>
  <testcase name="executeLaunch" time="27.109" classname="mt.mstr.modules.Launch"/>
</testsuite> <!-- mt.mstr.modules.Launch -->
