<?xml version="1.0" encoding="UTF-8"?>
<!-- Generated by org.testng.reporters.JUnitReportReporter -->
<testsuite skipped="0" hostname="DESKTOP-06OUV9F" name="mt.mstr.modules.Login" tests="2" failures="0" timestamp="17 Nov 2019 10:09:53 GMT" time="14.180" errors="0">
  <testcase name="executeLoginwithValidds" time="6.552" classname="mt.mstr.modules.Login"/>
  <testcase name="executeLoginwithInvalidds" time="7.628" classname="mt.mstr.modules.Login"/>
</testsuite> <!-- mt.mstr.modules.Login -->
